2014-09-19 19:59:43.544126
http://m-naver.com/yb/5941
http://www.47news.jp/korean/korean_peninsula/2014/09/098097.html
http://www.47news.jp/korean/korean_peninsula/2014/09/098094.html
http://www.47news.jp/korean/korean_peninsula/2014/09/098030.html
http://yanbian.123123.net/main/board.php?act=view&bo_table=20_14&id=321002
http://www.ilbe.com/4328101493
http://blog.donga.com/nambukstory/
http://blog.donga.com/nambukstory/archives/author/%EC%A3%BC%EC%84%B1%ED%95%98%EA%B8%B0%EC%9E%90
http://korean.ruvr.ru/news/
http://www.kcna.co.jp/calendar/2014/09/09-18/2014-0918-004.html
http://www.nkreform.com/
http://www.jajuminbo.net/sub_view.html
http://inagist.com/all/512765485989912576/
http://www.uriminzokiri.com/bbs/board.php?bo_table=a_board06&wr_id=2663
http://mirror.enha.kr/wiki/%EC%95%A0%EB%8B%88%EB%A9%94%EC%9D%B4%EC%85%98%20RPG
http://www.hhiun.or.kr/295202
http://www.wetgeo.com/webboard_detail.php?webID=11909
https://twitter.com/sotospeak_
http://www.clien.net/cs2/bbs/board.php?bo_table=park&wr_id=32338522&page=0&page=0
http://news.khan.co.kr/kh_news/khan_art_list.html?code=910303
http://www.rfa.org/korean/in_focus/122428-20031203.html
http://www.pumzil.com/pumzil/6761271
http://www.newsm.com/news/articleView.html?idxno=1054
http://dic.daum.net/search.do?q=%EB%B3%B4%EC%B4%9D&t=word&dic=kor&search_first=Y
http://ilwar.com/poli/167602
http://sports.jlcxwb.com/bbs/board.php?&bo_table=01_5&wr_id=80
http://sports.jlcxwb.com/bbs/board.php?bo_table=01_5&wr_id=80
http://sports.jlcxwb.com/bbs/board.php?&bo_table=01_5&wr_id=79
http://www.storymart.co.kr/news/articleList.html?sc_sub_section_code=S2N23&view_type=sm
http://ww.hotge.co.kr/b/v/ilbe/247294/2
http://world-cup.xmyblogs.com/
http://hgc.bestiz.net/zboard/view.php?id=ghm2&page=1&sn1=&divpage=6&sn=off&ss=on&sc=off&select_arrange=headnum&desc=asc&no=59172
http://www.youtube.com/watch?v=xKhE5ANPyGU
http://duruwa.com/view_web.aspx?seq=125857&page=6
http://sundaysoccer.tk/
http://www.tosarang.net/bbs/board.php?bo_table=tosarang_qanda&wr_id=128
http://www.bio-research.co.kr/?wr_id=2442
http://www.podbbang.com/ch/6199?e=21433810
http://m.vav.kr/237078
https://ko-kr.facebook.com/realfactyes/posts/584396621682321
http://unitypress.com/index.php?mid=free_board&document_srl=212616&listStyle=viewer
http://unitypress.com/index.php?mid=free_board&document_srl=212641&listStyle=viewer
http://www.hancinema.net/korean_Kim_Hae-gon-I.php
https://www.ddanzi.com/ddanziNews/2967962
http://www.eyei.co.kr/bbs/board.php?bo_table=test&wr_id=223316
http://newab7.cafe24.com/ZOR/192880.htm
http://article.wn.com/view/2014/09/19/North_Korea_struts_in_style_on_world_sports_stage_x/
http://bbs.moyiza.com/?mid=story_society&document_srl=2385524
http://baitoushan.com/bbs/board.php?bo_table=cxz&sca=%EC%97%B0%EB%B3%80%EC%82%AC%ED%88%AC%EB%A6%AC
http://whotalking.com/%EC%B9%B4%ED%8D%BC%EB%A0%88%EC%9D%B4%EB%93%9C
http://fr.recuweb.com/drapeau-de-la-cor%C3%A9e-du
http://news20.busan.com/controller/newsController.jsp?newsId=20140919000188
http://www.wict.tv/behind-wires-barbed-north-korea-song-of-sorrow/
http://www.kjclub.com/jp/exchange/theme/read.php?tname=exc_board_67&uid=33160&fid=33160&thread=1000000&idx=1&page=4&number=21166
http://www.torrentgogo.com/bbs/board.php?bo_table=B26&wr_id=1227814
https://videolike.org/video/worldcup%E6%BC%94%E7%A4%BA%E8%A7%86%E5%B1%8F
http://torrentgogo.net/m/bbs/board.php?bo_table=B26&wr_id=1227814
http://michaelmashouse.co.uk/your-account/register
http://www.yanbianews.com/
http://fun.jjang0u.com/chalkadak/view?db=160&source=&page=2&no=195846
http://bgmstore.net/view/5z0i8?q_type=category&q=%EC%9E%94%EC%9E%94
http://www.spo.go.kr/spo/nation/freebbs/freebbs.jsp?mode=view&article_no=582204&pager.offset=0&board_no=6&stype=
http://mmtorrent.com/bbs/board.php?bo_table=torrent&page=72208&page=72200
http://www.mmtorrent.com/bbs/board.php?bo_table=torrent&sfl=&stx=&sst=wr_datetime&sod=desc&sop=and&page=26041&page=72192
http://tweettunnel.com/st_disegno
https://www.toptweet.org/user/wonmild
http://www.gasengi.com/main/board.php?bo_table=news&wr_id=287688&page=5
http://www.ddruwa.com/bbs/ruliweb_humor/view/33966/%EC%9D%BC%EB%B3%B8%EC%9D%98+%EC%9E%AC%EB%AF%B8%EC%9E%88%EB%8A%94+%EC%A7%80%EB%8F%84+%EC%96%B4%ED%94%8C/
http://www.gedik.ru/index.php/component/hikashop/user/form
http://www.op.gg/summoner/userName=Arterial+Riven
http://www.zawzik.com/all_fifa+world+2014+groups.html
http://allfreetorrent.com/bbs/board.php?bo_table=torrent&page=72206&page=72201
http://www.econotalking.kr/news/articleView.html?idxno=95450
http://stroikabudet.ru/index.php/component/hikashop/user/form
http://www.mktprocesos.com/hikashop-menu-for-hikashop-registration
http://www.kustomroots.it/index.php?option=com_hikashop&view=user&layout=form&Itemid=16
http://stevelando.blogspot.com/2014/09/i-magen.html
http://spy-oni.cz/profil/user/form
http://www.djuna.kr/xe/index.php?mid=board&page=4665&act=dispBoardTagList
http://airshow.or.kr/175295240
80
